<?xml version="1.0" encoding="UTF-8"?>
<testsuite xmlns:xsi="http://www.w3.org/2001/XMLSchema-instance" xsi:noNamespaceSchemaLocation="https://maven.apache.org/surefire/maven-surefire-plugin/xsd/surefire-test-report-3.0.xsd" version="3.0" name="com.device.DeviceManagement.DeviceManagementApplicationTests" time="29.116" tests="1" errors="0" skipped="0" failures="0">
  <properties>
    <property name="java.specification.version" value="21"/>
    <property name="sun.jnu.encoding" value="UTF-8"/>
    <property name="java.class.path" value="/mnt/d/Thymeleaf/DeviceManagement/DeviceManagement/target/test-classes:/mnt/d/Thymeleaf/DeviceManagement/DeviceManagement/target/classes:/home/saddamnvn/.m2/repository/org/springframework/boot/spring-boot-starter-web/3.3.0/spring-boot-starter-web-3.3.0.jar:/home/saddamnvn/.m2/repository/org/springframework/boot/spring-boot-starter/3.3.0/spring-boot-starter-3.3.0.jar:/home/saddamnvn/.m2/repository/jakarta/annotation/jakarta.annotation-api/2.1.1/jakarta.annotation-api-2.1.1.jar:/home/saddamnvn/.m2/repository/org/yaml/snakeyaml/2.2/snakeyaml-2.2.jar:/home/saddamnvn/.m2/repository/org/springframework/boot/spring-boot-starter-json/3.3.0/spring-boot-starter-json-3.3.0.jar:/home/saddamnvn/.m2/repository/com/fasterxml/jackson/core/jackson-databind/2.17.1/jackson-databind-2.17.1.jar:/home/saddamnvn/.m2/repository/com/fasterxml/jackson/core/jackson-annotations/2.17.1/jackson-annotations-2.17.1.jar:/home/saddamnvn/.m2/repository/com/fasterxml/jackson/core/jackson-core/2.17.1/jackson-core-2.17.1.jar:/home/saddamnvn/.m2/repository/com/fasterxml/jackson/datatype/jackson-datatype-jdk8/2.17.1/jackson-datatype-jdk8-2.17.1.jar:/home/saddamnvn/.m2/repository/com/fasterxml/jackson/datatype/jackson-datatype-jsr310/2.17.1/jackson-datatype-jsr310-2.17.1.jar:/home/saddamnvn/.m2/repository/com/fasterxml/jackson/module/jackson-module-parameter-names/2.17.1/jackson-module-parameter-names-2.17.1.jar:/home/saddamnvn/.m2/repository/org/springframework/boot/spring-boot-starter-tomcat/3.3.0/spring-boot-starter-tomcat-3.3.0.jar:/home/saddamnvn/.m2/repository/org/apache/tomcat/embed/tomcat-embed-core/10.1.24/tomcat-embed-core-10.1.24.jar:/home/saddamnvn/.m2/repository/org/apache/tomcat/embed/tomcat-embed-el/10.1.24/tomcat-embed-el-10.1.24.jar:/home/saddamnvn/.m2/repository/org/apache/tomcat/embed/tomcat-embed-websocket/10.1.24/tomcat-embed-websocket-10.1.24.jar:/home/saddamnvn/.m2/repository/org/springframework/spring-web/6.1.8/spring-web-6.1.8.jar:/home/saddamnvn/.m2/repository/org/springframework/spring-beans/6.1.8/spring-beans-6.1.8.jar:/home/saddamnvn/.m2/repository/org/springframework/spring-webmvc/6.1.8/spring-webmvc-6.1.8.jar:/home/saddamnvn/.m2/repository/org/springframework/spring-aop/6.1.8/spring-aop-6.1.8.jar:/home/saddamnvn/.m2/repository/org/springframework/spring-context/6.1.8/spring-context-6.1.8.jar:/home/saddamnvn/.m2/repository/org/springframework/spring-expression/6.1.8/spring-expression-6.1.8.jar:/home/saddamnvn/.m2/repository/org/springframework/boot/spring-boot-starter-thymeleaf/3.3.0/spring-boot-starter-thymeleaf-3.3.0.jar:/home/saddamnvn/.m2/repository/org/thymeleaf/thymeleaf-spring6/3.1.2.RELEASE/thymeleaf-spring6-3.1.2.RELEASE.jar:/home/saddamnvn/.m2/repository/org/thymeleaf/thymeleaf/3.1.2.RELEASE/thymeleaf-3.1.2.RELEASE.jar:/home/saddamnvn/.m2/repository/org/attoparser/attoparser/2.0.7.RELEASE/attoparser-2.0.7.RELEASE.jar:/home/saddamnvn/.m2/repository/org/unbescape/unbescape/1.1.6.RELEASE/unbescape-1.1.6.RELEASE.jar:/home/saddamnvn/.m2/repository/org/springframework/boot/spring-boot-starter-data-mongodb/3.3.0/spring-boot-starter-data-mongodb-3.3.0.jar:/home/saddamnvn/.m2/repository/org/mongodb/mongodb-driver-sync/5.0.1/mongodb-driver-sync-5.0.1.jar:/home/saddamnvn/.m2/repository/org/mongodb/bson/5.0.1/bson-5.0.1.jar:/home/saddamnvn/.m2/repository/org/mongodb/mongodb-driver-core/5.0.1/mongodb-driver-core-5.0.1.jar:/home/saddamnvn/.m2/repository/org/mongodb/bson-record-codec/5.0.1/bson-record-codec-5.0.1.jar:/home/saddamnvn/.m2/repository/org/springframework/data/spring-data-mongodb/4.3.0/spring-data-mongodb-4.3.0.jar:/home/saddamnvn/.m2/repository/org/springframework/spring-tx/6.1.8/spring-tx-6.1.8.jar:/home/saddamnvn/.m2/repository/org/springframework/data/spring-data-commons/3.3.0/spring-data-commons-3.3.0.jar:/home/saddamnvn/.m2/repository/org/springframework/boot/spring-boot-starter-log4j2/3.5.0/spring-boot-starter-log4j2-3.5.0.jar:/home/saddamnvn/.m2/repository/org/apache/logging/log4j/log4j-slf4j2-impl/2.23.1/log4j-slf4j2-impl-2.23.1.jar:/home/saddamnvn/.m2/repository/org/apache/logging/log4j/log4j-api/2.23.1/log4j-api-2.23.1.jar:/home/saddamnvn/.m2/repository/org/apache/logging/log4j/log4j-core/2.23.1/log4j-core-2.23.1.jar:/home/saddamnvn/.m2/repository/org/apache/logging/log4j/log4j-jul/2.23.1/log4j-jul-2.23.1.jar:/home/saddamnvn/.m2/repository/org/springframework/boot/spring-boot-starter-data-redis/3.3.0/spring-boot-starter-data-redis-3.3.0.jar:/home/saddamnvn/.m2/repository/io/lettuce/lettuce-core/6.3.2.RELEASE/lettuce-core-6.3.2.RELEASE.jar:/home/saddamnvn/.m2/repository/io/netty/netty-common/4.1.110.Final/netty-common-4.1.110.Final.jar:/home/saddamnvn/.m2/repository/io/netty/netty-handler/4.1.110.Final/netty-handler-4.1.110.Final.jar:/home/saddamnvn/.m2/repository/io/netty/netty-resolver/4.1.110.Final/netty-resolver-4.1.110.Final.jar:/home/saddamnvn/.m2/repository/io/netty/netty-buffer/4.1.110.Final/netty-buffer-4.1.110.Final.jar:/home/saddamnvn/.m2/repository/io/netty/netty-transport-native-unix-common/4.1.110.Final/netty-transport-native-unix-common-4.1.110.Final.jar:/home/saddamnvn/.m2/repository/io/netty/netty-codec/4.1.110.Final/netty-codec-4.1.110.Final.jar:/home/saddamnvn/.m2/repository/io/netty/netty-transport/4.1.110.Final/netty-transport-4.1.110.Final.jar:/home/saddamnvn/.m2/repository/io/projectreactor/reactor-core/3.6.6/reactor-core-3.6.6.jar:/home/saddamnvn/.m2/repository/org/reactivestreams/reactive-streams/1.0.4/reactive-streams-1.0.4.jar:/home/saddamnvn/.m2/repository/org/springframework/data/spring-data-redis/3.3.0/spring-data-redis-3.3.0.jar:/home/saddamnvn/.m2/repository/org/springframework/data/spring-data-keyvalue/3.3.0/spring-data-keyvalue-3.3.0.jar:/home/saddamnvn/.m2/repository/org/springframework/spring-oxm/6.1.8/spring-oxm-6.1.8.jar:/home/saddamnvn/.m2/repository/org/apache/commons/commons-pool2/2.12.0/commons-pool2-2.12.0.jar:/home/saddamnvn/.m2/repository/org/springframework/boot/spring-boot-starter-cache/3.3.0/spring-boot-starter-cache-3.3.0.jar:/home/saddamnvn/.m2/repository/org/springframework/spring-context-support/6.1.8/spring-context-support-6.1.8.jar:/home/saddamnvn/.m2/repository/org/projectlombok/lombok/1.18.32/lombok-1.18.32.jar:/home/saddamnvn/.m2/repository/org/apache/commons/commons-csv/1.9.0/commons-csv-1.9.0.jar:/home/saddamnvn/.m2/repository/com/itextpdf/barcodes/8.0.2/barcodes-8.0.2.jar:/home/saddamnvn/.m2/repository/com/itextpdf/font-asian/8.0.2/font-asian-8.0.2.jar:/home/saddamnvn/.m2/repository/com/itextpdf/forms/8.0.2/forms-8.0.2.jar:/home/saddamnvn/.m2/repository/com/itextpdf/hyph/8.0.2/hyph-8.0.2.jar:/home/saddamnvn/.m2/repository/com/itextpdf/io/8.0.2/io-8.0.2.jar:/home/saddamnvn/.m2/repository/com/itextpdf/commons/8.0.2/commons-8.0.2.jar:/home/saddamnvn/.m2/repository/com/itextpdf/kernel/8.0.2/kernel-8.0.2.jar:/home/saddamnvn/.m2/repository/com/itextpdf/pdfa/8.0.2/pdfa-8.0.2.jar:/home/saddamnvn/.m2/repository/com/itextpdf/sign/8.0.2/sign-8.0.2.jar:/home/saddamnvn/.m2/repository/com/itextpdf/styled-xml-parser/8.0.2/styled-xml-parser-8.0.2.jar:/home/saddamnvn/.m2/repository/com/itextpdf/svg/8.0.2/svg-8.0.2.jar:/home/saddamnvn/.m2/repository/com/itextpdf/bouncy-castle-connector/8.0.2/bouncy-castle-connector-8.0.2.jar:/home/saddamnvn/.m2/repository/com/itextpdf/layout/8.0.2/layout-8.0.2.jar:/home/saddamnvn/.m2/repository/org/slf4j/slf4j-api/2.0.13/slf4j-api-2.0.13.jar:/home/saddamnvn/.m2/repository/commons-io/commons-io/2.11.0/commons-io-2.11.0.jar:/home/saddamnvn/.m2/repository/com/sun/mail/jakarta.mail/2.0.1/jakarta.mail-2.0.1.jar:/home/saddamnvn/.m2/repository/com/sun/activation/jakarta.activation/2.0.1/jakarta.activation-2.0.1.jar:/home/saddamnvn/.m2/repository/org/springframework/boot/spring-boot-devtools/3.3.0/spring-boot-devtools-3.3.0.jar:/home/saddamnvn/.m2/repository/org/springframework/boot/spring-boot/3.3.0/spring-boot-3.3.0.jar:/home/saddamnvn/.m2/repository/org/springframework/boot/spring-boot-autoconfigure/3.3.0/spring-boot-autoconfigure-3.3.0.jar:/home/saddamnvn/.m2/repository/org/springframework/boot/spring-boot-starter-test/3.3.0/spring-boot-starter-test-3.3.0.jar:/home/saddamnvn/.m2/repository/org/springframework/boot/spring-boot-test/3.3.0/spring-boot-test-3.3.0.jar:/home/saddamnvn/.m2/repository/org/springframework/boot/spring-boot-test-autoconfigure/3.3.0/spring-boot-test-autoconfigure-3.3.0.jar:/home/saddamnvn/.m2/repository/com/jayway/jsonpath/json-path/2.9.0/json-path-2.9.0.jar:/home/saddamnvn/.m2/repository/jakarta/xml/bind/jakarta.xml.bind-api/4.0.2/jakarta.xml.bind-api-4.0.2.jar:/home/saddamnvn/.m2/repository/jakarta/activation/jakarta.activation-api/2.1.3/jakarta.activation-api-2.1.3.jar:/home/saddamnvn/.m2/repository/net/minidev/json-smart/2.5.1/json-smart-2.5.1.jar:/home/saddamnvn/.m2/repository/net/minidev/accessors-smart/2.5.1/accessors-smart-2.5.1.jar:/home/saddamnvn/.m2/repository/org/ow2/asm/asm/9.6/asm-9.6.jar:/home/saddamnvn/.m2/repository/org/assertj/assertj-core/3.25.3/assertj-core-3.25.3.jar:/home/saddamnvn/.m2/repository/net/bytebuddy/byte-buddy/1.14.16/byte-buddy-1.14.16.jar:/home/saddamnvn/.m2/repository/org/awaitility/awaitility/4.2.1/awaitility-4.2.1.jar:/home/saddamnvn/.m2/repository/org/hamcrest/hamcrest/2.2/hamcrest-2.2.jar:/home/saddamnvn/.m2/repository/org/junit/jupiter/junit-jupiter/5.10.2/junit-jupiter-5.10.2.jar:/home/saddamnvn/.m2/repository/org/junit/jupiter/junit-jupiter-api/5.10.2/junit-jupiter-api-5.10.2.jar:/home/saddamnvn/.m2/repository/org/opentest4j/opentest4j/1.3.0/opentest4j-1.3.0.jar:/home/saddamnvn/.m2/repository/org/junit/platform/junit-platform-commons/1.10.2/junit-platform-commons-1.10.2.jar:/home/saddamnvn/.m2/repository/org/apiguardian/apiguardian-api/1.1.2/apiguardian-api-1.1.2.jar:/home/saddamnvn/.m2/repository/org/junit/jupiter/junit-jupiter-params/5.10.2/junit-jupiter-params-5.10.2.jar:/home/saddamnvn/.m2/repository/org/junit/jupiter/junit-jupiter-engine/5.10.2/junit-jupiter-engine-5.10.2.jar:/home/saddamnvn/.m2/repository/org/junit/platform/junit-platform-engine/1.10.2/junit-platform-engine-1.10.2.jar:/home/saddamnvn/.m2/repository/org/mockito/mockito-core/5.11.0/mockito-core-5.11.0.jar:/home/saddamnvn/.m2/repository/net/bytebuddy/byte-buddy-agent/1.14.16/byte-buddy-agent-1.14.16.jar:/home/saddamnvn/.m2/repository/org/objenesis/objenesis/3.3/objenesis-3.3.jar:/home/saddamnvn/.m2/repository/org/mockito/mockito-junit-jupiter/5.11.0/mockito-junit-jupiter-5.11.0.jar:/home/saddamnvn/.m2/repository/org/skyscreamer/jsonassert/1.5.1/jsonassert-1.5.1.jar:/home/saddamnvn/.m2/repository/com/vaadin/external/google/android-json/0.0.20131108.vaadin1/android-json-0.0.20131108.vaadin1.jar:/home/saddamnvn/.m2/repository/org/springframework/spring-core/6.1.8/spring-core-6.1.8.jar:/home/saddamnvn/.m2/repository/org/springframework/spring-jcl/6.1.8/spring-jcl-6.1.8.jar:/home/saddamnvn/.m2/repository/org/springframework/spring-test/6.1.8/spring-test-6.1.8.jar:/home/saddamnvn/.m2/repository/org/xmlunit/xmlunit-core/2.9.1/xmlunit-core-2.9.1.jar:/home/saddamnvn/.m2/repository/org/jetbrains/annotations/24.0.1/annotations-24.0.1.jar:/home/saddamnvn/.m2/repository/org/springframework/boot/spring-boot-starter-actuator/3.3.0/spring-boot-starter-actuator-3.3.0.jar:/home/saddamnvn/.m2/repository/org/springframework/boot/spring-boot-actuator-autoconfigure/3.3.0/spring-boot-actuator-autoconfigure-3.3.0.jar:/home/saddamnvn/.m2/repository/org/springframework/boot/spring-boot-actuator/3.3.0/spring-boot-actuator-3.3.0.jar:/home/saddamnvn/.m2/repository/io/micrometer/micrometer-observation/1.13.0/micrometer-observation-1.13.0.jar:/home/saddamnvn/.m2/repository/io/micrometer/micrometer-commons/1.13.0/micrometer-commons-1.13.0.jar:/home/saddamnvn/.m2/repository/io/micrometer/micrometer-jakarta9/1.13.0/micrometer-jakarta9-1.13.0.jar:/home/saddamnvn/.m2/repository/io/micrometer/micrometer-core/1.13.0/micrometer-core-1.13.0.jar:/home/saddamnvn/.m2/repository/org/hdrhistogram/HdrHistogram/2.2.1/HdrHistogram-2.2.1.jar:/home/saddamnvn/.m2/repository/org/latencyutils/LatencyUtils/2.0.3/LatencyUtils-2.0.3.jar:"/>
    <property name="java.vm.vendor" value="Ubuntu"/>
    <property name="sun.arch.data.model" value="64"/>
    <property name="java.vendor.url" value="https://ubuntu.com/"/>
    <property name="user.timezone" value="Asia/Dhaka"/>
    <property name="os.name" value="Linux"/>
    <property name="java.vm.specification.version" value="21"/>
    <property name="sun.java.launcher" value="SUN_STANDARD"/>
    <property name="sun.boot.library.path" value="/usr/lib/jvm/java-21-openjdk-amd64/lib"/>
    <property name="sun.java.command" value="/mnt/d/Thymeleaf/DeviceManagement/DeviceManagement/target/surefire/surefirebooter-20250616154357216_3.jar /mnt/d/Thymeleaf/DeviceManagement/DeviceManagement/target/surefire 2025-06-16T15-43-56_949-jvmRun1 surefire-20250616154357216_1tmp surefire_0-20250616154357216_2tmp"/>
    <property name="jdk.debug" value="release"/>
    <property name="surefire.test.class.path" value="/mnt/d/Thymeleaf/DeviceManagement/DeviceManagement/target/test-classes:/mnt/d/Thymeleaf/DeviceManagement/DeviceManagement/target/classes:/home/saddamnvn/.m2/repository/org/springframework/boot/spring-boot-starter-web/3.3.0/spring-boot-starter-web-3.3.0.jar:/home/saddamnvn/.m2/repository/org/springframework/boot/spring-boot-starter/3.3.0/spring-boot-starter-3.3.0.jar:/home/saddamnvn/.m2/repository/jakarta/annotation/jakarta.annotation-api/2.1.1/jakarta.annotation-api-2.1.1.jar:/home/saddamnvn/.m2/repository/org/yaml/snakeyaml/2.2/snakeyaml-2.2.jar:/home/saddamnvn/.m2/repository/org/springframework/boot/spring-boot-starter-json/3.3.0/spring-boot-starter-json-3.3.0.jar:/home/saddamnvn/.m2/repository/com/fasterxml/jackson/core/jackson-databind/2.17.1/jackson-databind-2.17.1.jar:/home/saddamnvn/.m2/repository/com/fasterxml/jackson/core/jackson-annotations/2.17.1/jackson-annotations-2.17.1.jar:/home/saddamnvn/.m2/repository/com/fasterxml/jackson/core/jackson-core/2.17.1/jackson-core-2.17.1.jar:/home/saddamnvn/.m2/repository/com/fasterxml/jackson/datatype/jackson-datatype-jdk8/2.17.1/jackson-datatype-jdk8-2.17.1.jar:/home/saddamnvn/.m2/repository/com/fasterxml/jackson/datatype/jackson-datatype-jsr310/2.17.1/jackson-datatype-jsr310-2.17.1.jar:/home/saddamnvn/.m2/repository/com/fasterxml/jackson/module/jackson-module-parameter-names/2.17.1/jackson-module-parameter-names-2.17.1.jar:/home/saddamnvn/.m2/repository/org/springframework/boot/spring-boot-starter-tomcat/3.3.0/spring-boot-starter-tomcat-3.3.0.jar:/home/saddamnvn/.m2/repository/org/apache/tomcat/embed/tomcat-embed-core/10.1.24/tomcat-embed-core-10.1.24.jar:/home/saddamnvn/.m2/repository/org/apache/tomcat/embed/tomcat-embed-el/10.1.24/tomcat-embed-el-10.1.24.jar:/home/saddamnvn/.m2/repository/org/apache/tomcat/embed/tomcat-embed-websocket/10.1.24/tomcat-embed-websocket-10.1.24.jar:/home/saddamnvn/.m2/repository/org/springframework/spring-web/6.1.8/spring-web-6.1.8.jar:/home/saddamnvn/.m2/repository/org/springframework/spring-beans/6.1.8/spring-beans-6.1.8.jar:/home/saddamnvn/.m2/repository/org/springframework/spring-webmvc/6.1.8/spring-webmvc-6.1.8.jar:/home/saddamnvn/.m2/repository/org/springframework/spring-aop/6.1.8/spring-aop-6.1.8.jar:/home/saddamnvn/.m2/repository/org/springframework/spring-context/6.1.8/spring-context-6.1.8.jar:/home/saddamnvn/.m2/repository/org/springframework/spring-expression/6.1.8/spring-expression-6.1.8.jar:/home/saddamnvn/.m2/repository/org/springframework/boot/spring-boot-starter-thymeleaf/3.3.0/spring-boot-starter-thymeleaf-3.3.0.jar:/home/saddamnvn/.m2/repository/org/thymeleaf/thymeleaf-spring6/3.1.2.RELEASE/thymeleaf-spring6-3.1.2.RELEASE.jar:/home/saddamnvn/.m2/repository/org/thymeleaf/thymeleaf/3.1.2.RELEASE/thymeleaf-3.1.2.RELEASE.jar:/home/saddamnvn/.m2/repository/org/attoparser/attoparser/2.0.7.RELEASE/attoparser-2.0.7.RELEASE.jar:/home/saddamnvn/.m2/repository/org/unbescape/unbescape/1.1.6.RELEASE/unbescape-1.1.6.RELEASE.jar:/home/saddamnvn/.m2/repository/org/springframework/boot/spring-boot-starter-data-mongodb/3.3.0/spring-boot-starter-data-mongodb-3.3.0.jar:/home/saddamnvn/.m2/repository/org/mongodb/mongodb-driver-sync/5.0.1/mongodb-driver-sync-5.0.1.jar:/home/saddamnvn/.m2/repository/org/mongodb/bson/5.0.1/bson-5.0.1.jar:/home/saddamnvn/.m2/repository/org/mongodb/mongodb-driver-core/5.0.1/mongodb-driver-core-5.0.1.jar:/home/saddamnvn/.m2/repository/org/mongodb/bson-record-codec/5.0.1/bson-record-codec-5.0.1.jar:/home/saddamnvn/.m2/repository/org/springframework/data/spring-data-mongodb/4.3.0/spring-data-mongodb-4.3.0.jar:/home/saddamnvn/.m2/repository/org/springframework/spring-tx/6.1.8/spring-tx-6.1.8.jar:/home/saddamnvn/.m2/repository/org/springframework/data/spring-data-commons/3.3.0/spring-data-commons-3.3.0.jar:/home/saddamnvn/.m2/repository/org/springframework/boot/spring-boot-starter-log4j2/3.5.0/spring-boot-starter-log4j2-3.5.0.jar:/home/saddamnvn/.m2/repository/org/apache/logging/log4j/log4j-slf4j2-impl/2.23.1/log4j-slf4j2-impl-2.23.1.jar:/home/saddamnvn/.m2/repository/org/apache/logging/log4j/log4j-api/2.23.1/log4j-api-2.23.1.jar:/home/saddamnvn/.m2/repository/org/apache/logging/log4j/log4j-core/2.23.1/log4j-core-2.23.1.jar:/home/saddamnvn/.m2/repository/org/apache/logging/log4j/log4j-jul/2.23.1/log4j-jul-2.23.1.jar:/home/saddamnvn/.m2/repository/org/springframework/boot/spring-boot-starter-data-redis/3.3.0/spring-boot-starter-data-redis-3.3.0.jar:/home/saddamnvn/.m2/repository/io/lettuce/lettuce-core/6.3.2.RELEASE/lettuce-core-6.3.2.RELEASE.jar:/home/saddamnvn/.m2/repository/io/netty/netty-common/4.1.110.Final/netty-common-4.1.110.Final.jar:/home/saddamnvn/.m2/repository/io/netty/netty-handler/4.1.110.Final/netty-handler-4.1.110.Final.jar:/home/saddamnvn/.m2/repository/io/netty/netty-resolver/4.1.110.Final/netty-resolver-4.1.110.Final.jar:/home/saddamnvn/.m2/repository/io/netty/netty-buffer/4.1.110.Final/netty-buffer-4.1.110.Final.jar:/home/saddamnvn/.m2/repository/io/netty/netty-transport-native-unix-common/4.1.110.Final/netty-transport-native-unix-common-4.1.110.Final.jar:/home/saddamnvn/.m2/repository/io/netty/netty-codec/4.1.110.Final/netty-codec-4.1.110.Final.jar:/home/saddamnvn/.m2/repository/io/netty/netty-transport/4.1.110.Final/netty-transport-4.1.110.Final.jar:/home/saddamnvn/.m2/repository/io/projectreactor/reactor-core/3.6.6/reactor-core-3.6.6.jar:/home/saddamnvn/.m2/repository/org/reactivestreams/reactive-streams/1.0.4/reactive-streams-1.0.4.jar:/home/saddamnvn/.m2/repository/org/springframework/data/spring-data-redis/3.3.0/spring-data-redis-3.3.0.jar:/home/saddamnvn/.m2/repository/org/springframework/data/spring-data-keyvalue/3.3.0/spring-data-keyvalue-3.3.0.jar:/home/saddamnvn/.m2/repository/org/springframework/spring-oxm/6.1.8/spring-oxm-6.1.8.jar:/home/saddamnvn/.m2/repository/org/apache/commons/commons-pool2/2.12.0/commons-pool2-2.12.0.jar:/home/saddamnvn/.m2/repository/org/springframework/boot/spring-boot-starter-cache/3.3.0/spring-boot-starter-cache-3.3.0.jar:/home/saddamnvn/.m2/repository/org/springframework/spring-context-support/6.1.8/spring-context-support-6.1.8.jar:/home/saddamnvn/.m2/repository/org/projectlombok/lombok/1.18.32/lombok-1.18.32.jar:/home/saddamnvn/.m2/repository/org/apache/commons/commons-csv/1.9.0/commons-csv-1.9.0.jar:/home/saddamnvn/.m2/repository/com/itextpdf/barcodes/8.0.2/barcodes-8.0.2.jar:/home/saddamnvn/.m2/repository/com/itextpdf/font-asian/8.0.2/font-asian-8.0.2.jar:/home/saddamnvn/.m2/repository/com/itextpdf/forms/8.0.2/forms-8.0.2.jar:/home/saddamnvn/.m2/repository/com/itextpdf/hyph/8.0.2/hyph-8.0.2.jar:/home/saddamnvn/.m2/repository/com/itextpdf/io/8.0.2/io-8.0.2.jar:/home/saddamnvn/.m2/repository/com/itextpdf/commons/8.0.2/commons-8.0.2.jar:/home/saddamnvn/.m2/repository/com/itextpdf/kernel/8.0.2/kernel-8.0.2.jar:/home/saddamnvn/.m2/repository/com/itextpdf/pdfa/8.0.2/pdfa-8.0.2.jar:/home/saddamnvn/.m2/repository/com/itextpdf/sign/8.0.2/sign-8.0.2.jar:/home/saddamnvn/.m2/repository/com/itextpdf/styled-xml-parser/8.0.2/styled-xml-parser-8.0.2.jar:/home/saddamnvn/.m2/repository/com/itextpdf/svg/8.0.2/svg-8.0.2.jar:/home/saddamnvn/.m2/repository/com/itextpdf/bouncy-castle-connector/8.0.2/bouncy-castle-connector-8.0.2.jar:/home/saddamnvn/.m2/repository/com/itextpdf/layout/8.0.2/layout-8.0.2.jar:/home/saddamnvn/.m2/repository/org/slf4j/slf4j-api/2.0.13/slf4j-api-2.0.13.jar:/home/saddamnvn/.m2/repository/commons-io/commons-io/2.11.0/commons-io-2.11.0.jar:/home/saddamnvn/.m2/repository/com/sun/mail/jakarta.mail/2.0.1/jakarta.mail-2.0.1.jar:/home/saddamnvn/.m2/repository/com/sun/activation/jakarta.activation/2.0.1/jakarta.activation-2.0.1.jar:/home/saddamnvn/.m2/repository/org/springframework/boot/spring-boot-devtools/3.3.0/spring-boot-devtools-3.3.0.jar:/home/saddamnvn/.m2/repository/org/springframework/boot/spring-boot/3.3.0/spring-boot-3.3.0.jar:/home/saddamnvn/.m2/repository/org/springframework/boot/spring-boot-autoconfigure/3.3.0/spring-boot-autoconfigure-3.3.0.jar:/home/saddamnvn/.m2/repository/org/springframework/boot/spring-boot-starter-test/3.3.0/spring-boot-starter-test-3.3.0.jar:/home/saddamnvn/.m2/repository/org/springframework/boot/spring-boot-test/3.3.0/spring-boot-test-3.3.0.jar:/home/saddamnvn/.m2/repository/org/springframework/boot/spring-boot-test-autoconfigure/3.3.0/spring-boot-test-autoconfigure-3.3.0.jar:/home/saddamnvn/.m2/repository/com/jayway/jsonpath/json-path/2.9.0/json-path-2.9.0.jar:/home/saddamnvn/.m2/repository/jakarta/xml/bind/jakarta.xml.bind-api/4.0.2/jakarta.xml.bind-api-4.0.2.jar:/home/saddamnvn/.m2/repository/jakarta/activation/jakarta.activation-api/2.1.3/jakarta.activation-api-2.1.3.jar:/home/saddamnvn/.m2/repository/net/minidev/json-smart/2.5.1/json-smart-2.5.1.jar:/home/saddamnvn/.m2/repository/net/minidev/accessors-smart/2.5.1/accessors-smart-2.5.1.jar:/home/saddamnvn/.m2/repository/org/ow2/asm/asm/9.6/asm-9.6.jar:/home/saddamnvn/.m2/repository/org/assertj/assertj-core/3.25.3/assertj-core-3.25.3.jar:/home/saddamnvn/.m2/repository/net/bytebuddy/byte-buddy/1.14.16/byte-buddy-1.14.16.jar:/home/saddamnvn/.m2/repository/org/awaitility/awaitility/4.2.1/awaitility-4.2.1.jar:/home/saddamnvn/.m2/repository/org/hamcrest/hamcrest/2.2/hamcrest-2.2.jar:/home/saddamnvn/.m2/repository/org/junit/jupiter/junit-jupiter/5.10.2/junit-jupiter-5.10.2.jar:/home/saddamnvn/.m2/repository/org/junit/jupiter/junit-jupiter-api/5.10.2/junit-jupiter-api-5.10.2.jar:/home/saddamnvn/.m2/repository/org/opentest4j/opentest4j/1.3.0/opentest4j-1.3.0.jar:/home/saddamnvn/.m2/repository/org/junit/platform/junit-platform-commons/1.10.2/junit-platform-commons-1.10.2.jar:/home/saddamnvn/.m2/repository/org/apiguardian/apiguardian-api/1.1.2/apiguardian-api-1.1.2.jar:/home/saddamnvn/.m2/repository/org/junit/jupiter/junit-jupiter-params/5.10.2/junit-jupiter-params-5.10.2.jar:/home/saddamnvn/.m2/repository/org/junit/jupiter/junit-jupiter-engine/5.10.2/junit-jupiter-engine-5.10.2.jar:/home/saddamnvn/.m2/repository/org/junit/platform/junit-platform-engine/1.10.2/junit-platform-engine-1.10.2.jar:/home/saddamnvn/.m2/repository/org/mockito/mockito-core/5.11.0/mockito-core-5.11.0.jar:/home/saddamnvn/.m2/repository/net/bytebuddy/byte-buddy-agent/1.14.16/byte-buddy-agent-1.14.16.jar:/home/saddamnvn/.m2/repository/org/objenesis/objenesis/3.3/objenesis-3.3.jar:/home/saddamnvn/.m2/repository/org/mockito/mockito-junit-jupiter/5.11.0/mockito-junit-jupiter-5.11.0.jar:/home/saddamnvn/.m2/repository/org/skyscreamer/jsonassert/1.5.1/jsonassert-1.5.1.jar:/home/saddamnvn/.m2/repository/com/vaadin/external/google/android-json/0.0.20131108.vaadin1/android-json-0.0.20131108.vaadin1.jar:/home/saddamnvn/.m2/repository/org/springframework/spring-core/6.1.8/spring-core-6.1.8.jar:/home/saddamnvn/.m2/repository/org/springframework/spring-jcl/6.1.8/spring-jcl-6.1.8.jar:/home/saddamnvn/.m2/repository/org/springframework/spring-test/6.1.8/spring-test-6.1.8.jar:/home/saddamnvn/.m2/repository/org/xmlunit/xmlunit-core/2.9.1/xmlunit-core-2.9.1.jar:/home/saddamnvn/.m2/repository/org/jetbrains/annotations/24.0.1/annotations-24.0.1.jar:/home/saddamnvn/.m2/repository/org/springframework/boot/spring-boot-starter-actuator/3.3.0/spring-boot-starter-actuator-3.3.0.jar:/home/saddamnvn/.m2/repository/org/springframework/boot/spring-boot-actuator-autoconfigure/3.3.0/spring-boot-actuator-autoconfigure-3.3.0.jar:/home/saddamnvn/.m2/repository/org/springframework/boot/spring-boot-actuator/3.3.0/spring-boot-actuator-3.3.0.jar:/home/saddamnvn/.m2/repository/io/micrometer/micrometer-observation/1.13.0/micrometer-observation-1.13.0.jar:/home/saddamnvn/.m2/repository/io/micrometer/micrometer-commons/1.13.0/micrometer-commons-1.13.0.jar:/home/saddamnvn/.m2/repository/io/micrometer/micrometer-jakarta9/1.13.0/micrometer-jakarta9-1.13.0.jar:/home/saddamnvn/.m2/repository/io/micrometer/micrometer-core/1.13.0/micrometer-core-1.13.0.jar:/home/saddamnvn/.m2/repository/org/hdrhistogram/HdrHistogram/2.2.1/HdrHistogram-2.2.1.jar:/home/saddamnvn/.m2/repository/org/latencyutils/LatencyUtils/2.0.3/LatencyUtils-2.0.3.jar:"/>
    <property name="sun.cpu.endian" value="little"/>
    <property name="user.home" value="/home/saddamnvn"/>
    <property name="user.language" value="en"/>
    <property name="java.specification.vendor" value="Oracle Corporation"/>
    <property name="java.version.date" value="2025-04-15"/>
    <property name="java.home" value="/usr/lib/jvm/java-21-openjdk-amd64"/>
    <property name="file.separator" value="/"/>
    <property name="basedir" value="/mnt/d/Thymeleaf/DeviceManagement/DeviceManagement"/>
    <property name="java.vm.compressedOopsMode" value="32-bit"/>
    <property name="line.separator" value="&#10;"/>
    <property name="java.specification.name" value="Java Platform API Specification"/>
    <property name="java.vm.specification.vendor" value="Oracle Corporation"/>
    <property name="FILE_LOG_CHARSET" value="UTF-8"/>
    <property name="java.awt.headless" value="true"/>
    <property name="surefire.real.class.path" value="/mnt/d/Thymeleaf/DeviceManagement/DeviceManagement/target/surefire/surefirebooter-20250616154357216_3.jar"/>
    <property name="sun.management.compiler" value="HotSpot 64-Bit Tiered Compilers"/>
    <property name="java.runtime.version" value="21.0.7+6-Ubuntu-0ubuntu124.04"/>
    <property name="user.name" value="saddamnvn"/>
    <property name="stdout.encoding" value="UTF-8"/>
    <property name="path.separator" value=":"/>
    <property name="os.version" value="5.15.167.4-microsoft-standard-WSL2"/>
    <property name="java.runtime.name" value="OpenJDK Runtime Environment"/>
    <property name="file.encoding" value="UTF-8"/>
    <property name="java.vm.name" value="OpenJDK 64-Bit Server VM"/>
    <property name="localRepository" value="/home/saddamnvn/.m2/repository"/>
    <property name="java.vendor.url.bug" value="https://bugs.launchpad.net/ubuntu/+source/openjdk-21"/>
    <property name="java.io.tmpdir" value="/tmp"/>
    <property name="java.version" value="21.0.7"/>
    <property name="user.dir" value="/mnt/d/Thymeleaf/DeviceManagement/DeviceManagement"/>
    <property name="os.arch" value="amd64"/>
    <property name="java.vm.specification.name" value="Java Virtual Machine Specification"/>
    <property name="PID" value="99640"/>
    <property name="CONSOLE_LOG_CHARSET" value="UTF-8"/>
    <property name="native.encoding" value="UTF-8"/>
    <property name="java.library.path" value="/usr/java/packages/lib:/usr/lib/x86_64-linux-gnu/jni:/lib/x86_64-linux-gnu:/usr/lib/x86_64-linux-gnu:/usr/lib/jni:/lib:/usr/lib"/>
    <property name="stderr.encoding" value="UTF-8"/>
    <property name="java.vm.info" value="mixed mode, sharing"/>
    <property name="java.vendor" value="Ubuntu"/>
    <property name="java.vm.version" value="21.0.7+6-Ubuntu-0ubuntu124.04"/>
    <property name="sun.io.unicode.encoding" value="UnicodeLittle"/>
    <property name="java.class.version" value="65.0"/>
  </properties>
  <testcase name="contextLoads" classname="com.device.DeviceManagement.DeviceManagementApplicationTests" time="2.912">
    <system-out><![CDATA[  .   ____          _            __ _ _
 /\\ / ___'_ __ _ _(_)_ __  __ _ \ \ \ \
( ( )\___ | '_ | '_| | '_ \/ _` | \ \ \ \
 \\/  ___)| |_)| | | | | || (_| |  ) ) ) )
  '  |____| .__|_| |_|_| |_\__, | / / / /
 =========|_|==============|___/=/_/_/_/

 :: Spring Boot ::                (v3.3.0)

]]></system-out>
    <system-err><![CDATA[WARNING: A Java agent has been loaded dynamically (/home/saddamnvn/.m2/repository/net/bytebuddy/byte-buddy-agent/1.14.16/byte-buddy-agent-1.14.16.jar)
WARNING: If a serviceability tool is in use, please run with -XX:+EnableDynamicAgentLoading to hide this warning
WARNING: If a serviceability tool is not in use, please run with -Djdk.instrument.traceUsage for more information
WARNING: Dynamic loading of agents will be disallowed by default in a future release
]]></system-err>
  </testcase>
</testsuite>